<?xml version="1.0" encoding="UTF-8"?>
<!-- Generated by org.testng.reporters.JUnitReportReporter -->
<testsuite hostname="radis-mbp.lan" failures="0" tests="2" name="com.bit.test.RegressionTest" time="0.009" errors="0" timestamp="2022-02-15T19:42:57 EST" skipped="0">
  <testcase classname="com.bit.test.RegressionTest" name="test3" time="0.002"/>
  <system-out/>
  <testcase classname="com.bit.test.RegressionTest" name="test2" time="0.007"/>
  <system-out/>
</testsuite> <!-- com.bit.test.RegressionTest -->
